LAUNCH INFO 2026-05-20 04:12:30,097 -----------  Configuration  ----------------------
LAUNCH INFO 2026-05-20 04:12:30,099 auto_parallel_config: None
LAUNCH INFO 2026-05-20 04:12:30,099 auto_tuner_json: None
LAUNCH INFO 2026-05-20 04:12:30,099 devices: 0,1,2,3
LAUNCH INFO 2026-05-20 04:12:30,099 elastic_level: -1
LAUNCH INFO 2026-05-20 04:12:30,099 elastic_timeout: 30
LAUNCH INFO 2026-05-20 04:12:30,100 enable_gpu_log: True
LAUNCH INFO 2026-05-20 04:12:30,100 gloo_port: 6767
LAUNCH INFO 2026-05-20 04:12:30,100 host: None
LAUNCH INFO 2026-05-20 04:12:30,100 ips: None
LAUNCH INFO 2026-05-20 04:12:30,100 job_id: default
LAUNCH INFO 2026-05-20 04:12:30,100 legacy: False
LAUNCH INFO 2026-05-20 04:12:30,100 log_dir: log
LAUNCH INFO 2026-05-20 04:12:30,100 log_level: INFO
LAUNCH INFO 2026-05-20 04:12:30,100 log_overwrite: False
LAUNCH INFO 2026-05-20 04:12:30,100 master: None
LAUNCH INFO 2026-05-20 04:12:30,100 max_restart: 3
LAUNCH INFO 2026-05-20 04:12:30,101 nnodes: 1
LAUNCH INFO 2026-05-20 04:12:30,101 nproc_per_node: None
LAUNCH INFO 2026-05-20 04:12:30,101 rank: -1
LAUNCH INFO 2026-05-20 04:12:30,101 run_mode: collective
LAUNCH INFO 2026-05-20 04:12:30,101 server_num: None
LAUNCH INFO 2026-05-20 04:12:30,101 servers: 
LAUNCH INFO 2026-05-20 04:12:30,101 sort_ip: False
LAUNCH INFO 2026-05-20 04:12:30,101 start_port: 6070
LAUNCH INFO 2026-05-20 04:12:30,101 trainer_num: None
LAUNCH INFO 2026-05-20 04:12:30,101 trainers: 
LAUNCH INFO 2026-05-20 04:12:30,101 training_script: tools/train.py
LAUNCH INFO 2026-05-20 04:12:30,102 training_script_args: ['-c', 'configs/rec/my_rec.yml']
LAUNCH INFO 2026-05-20 04:12:30,102 with_gloo: 1
LAUNCH INFO 2026-05-20 04:12:30,102 --------------------------------------------------
LAUNCH INFO 2026-05-20 04:12:30,161 Job: default, mode collective, replicas 1[1:1], elastic False
LAUNCH INFO 2026-05-20 04:12:30,195 Run Pod: krapbx, replicas 4, status ready
LAUNCH INFO 2026-05-20 04:12:30,439 Watching Pod: krapbx, replicas 4, status running
LAUNCH WARNING 2026-05-20 04:14:04,659 save gpu log failed
LAUNCH INFO 2026-05-21 01:45:31,312 Pod completed
LAUNCH INFO 2026-05-21 01:45:31,336 Exit code 0
